<?xml version="1.0" encoding="UTF-8"?>
<!-- Generated by org.testng.reporters.JUnitReportReporter -->
<testsuite hostname="LENOVO" failures="0" tests="2" name="Sample1.Demo1" time="9.434" errors="0" timestamp="2025-07-30T16:14:15 IST" skipped="0">
  <testcase classname="Sample1.Demo1" name="setUp" time="5.219"/>
  <system-out/>
  <testcase classname="Sample1.Demo1" name="validateUrlTitle" time="4.215"/>
  <system-out/>
</testsuite> <!-- Sample1.Demo1 -->
