<?xml version="1.0" encoding="UTF-8"?>
<!-- Generated by org.testng.reporters.JUnitReportReporter -->
<testsuite hostname="LENOVO" failures="0" tests="6" name="Sample1.Demo2" time="0.019" errors="0" timestamp="2025-07-30T16:24:20 IST" skipped="0">
  <testcase classname="Sample1.Demo2" name="b_method" time="0.010"/>
  <system-out/>
  <testcase classname="Sample1.Demo2" name="c_method" time="0.002"/>
  <system-out/>
  <testcase classname="Sample1.Demo2" name="c_method" time="0.001"/>
  <system-out/>
  <testcase classname="Sample1.Demo2" name="c_method" time="0.000"/>
  <system-out/>
  <testcase classname="Sample1.Demo2" name="a_method" time="0.003"/>
  <system-out/>
  <testcase classname="Sample1.Demo2" name="x_method" time="0.003"/>
  <system-out/>
</testsuite> <!-- Sample1.Demo2 -->
