<?xml version="1.0" encoding="UTF-8"?>
<!-- Generated by org.testng.reporters.JUnitReportReporter -->
<testsuite hostname="LENOVO" failures="0" tests="1" name="Sample1.LoginSauce" time="7.232" errors="0" timestamp="2025-07-31T17:01:54 IST" skipped="0">
  <testcase classname="Sample1.LoginSauce" name="login" time="7.232"/>
  <system-out/>
</testsuite> <!-- Sample1.LoginSauce -->
