<?xml version="1.0" encoding="UTF-8"?>
<!-- Generated by org.testng.reporters.JUnitReportReporter -->
<testsuite hostname="LENOVO" failures="0" tests="1" name="Sample2.Demo2" time="12.661" errors="0" timestamp="2025-08-02T14:38:32 IST" skipped="0">
  <testcase classname="Sample2.Demo2" name="openUrl" time="12.661"/>
  <system-out/>
</testsuite> <!-- Sample2.Demo2 -->
