<?xml version="1.0" encoding="UTF-8"?>
<!-- Generated by org.testng.reporters.JUnitReportReporter -->
<testsuite hostname="LENOVO" failures="0" tests="1" name="Sample2.Assert2" time="4.533" errors="0" timestamp="2025-08-02T15:01:31 IST" skipped="0">
  <testcase classname="Sample2.Assert2" name="softAssert" time="4.533"/>
  <system-out/>
</testsuite> <!-- Sample2.Assert2 -->
