<?xml version="1.0" encoding="UTF-8"?>
<!-- Generated by org.testng.reporters.JUnitReportReporter -->
<testsuite hostname="LENOVO" failures="0" tests="1" name="Sample1.Demo5" time="0.004" errors="0" timestamp="2025-08-01T15:29:30 IST" skipped="0">
  <testcase classname="Sample1.Demo5" name="printParameter" time="0.004"/>
  <system-out/>
</testsuite> <!-- Sample1.Demo5 -->
